<?xml version="1.0" encoding="UTF-8"?>
<!-- Generated by org.testng.reporters.JUnitReportReporter -->
<testsuite hostname="DESKTOP-FLOFNHI" failures="0" tests="1" name="practice.launchSpicejet" time="18.443" errors="0" timestamp="16 Feb 2021 17:32:10 GMT" skipped="0">
  <testcase classname="practice.launchSpicejet" name="webDriverManagerChrome" time="18.443"/>
</testsuite> <!-- practice.launchSpicejet -->
